\BOOKMARK [1][-]{section.1}{\376\377\000D\000P}{}% 1
\BOOKMARK [2][-]{subsection.1.1}{\376\377\000C\000o\000n\000v\000e\000x\000\040\000H\000u\000l\000l\000\040\000T\000r\000i\000c\000k}{section.1}% 2
\BOOKMARK [2][-]{subsection.1.2}{\376\377\000D\000C\000\137\000d\000p}{section.1}% 3
\BOOKMARK [2][-]{subsection.1.3}{\376\377\000D\000n\000C}{section.1}% 4
\BOOKMARK [2][-]{subsection.1.4}{\376\377\000K\000n\000u\000t\000h\000'\000s\000\040\000O\000p\000t\000o\000m\000i\000z\000a\000t\000i\000o\000n}{section.1}% 5
\BOOKMARK [2][-]{subsection.1.5}{\376\377\000L\000i\000\040\000C\000h\000a\000o\000\040\000T\000r\000e\000e}{section.1}% 6
\BOOKMARK [2][-]{subsection.1.6}{\376\377\000S\000O\000S\000\040\000D\000P}{section.1}% 7
\BOOKMARK [1][-]{section.2}{\376\377\000D\000a\000t\000a\000\040\000S\000t\000r\000u\000c\000t\000u\000r\000e\000s}{}% 8
\BOOKMARK [2][-]{subsection.2.1}{\376\377\0002\000D\000\040\000f\000e\000n\000w\000i\000c\000k\000\040\000t\000r\000e\000e}{section.2}% 9
\BOOKMARK [2][-]{subsection.2.2}{\376\377\000D\000s\000u}{section.2}% 10
\BOOKMARK [2][-]{subsection.2.3}{\376\377\000F\000e\000n\000w\000i\000c\000k\000\137\000t\000r\000e\000e}{section.2}% 11
\BOOKMARK [2][-]{subsection.2.4}{\376\377\000G\000P\000\040\000H\000a\000s\000h\000\040\000T\000a\000b\000l\000e}{section.2}% 12
\BOOKMARK [2][-]{subsection.2.5}{\376\377\000L\000C\000A}{section.2}% 13
\BOOKMARK [2][-]{subsection.2.6}{\376\377\000L\000I\000S}{section.2}% 14
\BOOKMARK [2][-]{subsection.2.7}{\376\377\000M\000O\000\137\000s\000\040\000A\000l\000g\000o}{section.2}% 15
\BOOKMARK [2][-]{subsection.2.8}{\376\377\000P\000B\000D\000S}{section.2}% 16
\BOOKMARK [2][-]{subsection.2.9}{\376\377\000P\000e\000r\000s\000i\000s\000t\000e\000n\000t\000\040\000S\000e\000g\000m\000e\000n\000t\000\040\000T\000r\000e\000e\000\050\000p\000o\000i\000n\000t\000e\000r\000\051}{section.2}% 17
\BOOKMARK [2][-]{subsection.2.10}{\376\377\000R\000M\000Q}{section.2}% 18
\BOOKMARK [2][-]{subsection.2.11}{\376\377\000S\000e\000g\000m\000e\000n\000t\000\040\000T\000r\000e\000e\000\040\000\050\000P\000o\000i\000n\000t\000\040\000U\000p\000d\000a\000t\000e\000,\000\040\000R\000a\000n\000g\000e\000\040\000Q\000u\000e\000r\000y\000\051}{section.2}% 19
\BOOKMARK [2][-]{subsection.2.12}{\376\377\000S\000e\000g\000m\000e\000n\000t\000\040\000T\000r\000e\000e\000\040\000\050\000R\000a\000n\000g\000e\000\040\000U\000p\000d\000a\000t\000e\000,\000\040\000R\000a\000n\000g\000e\000\040\000Q\000u\000e\000r\000y\000\051}{section.2}% 20
\BOOKMARK [2][-]{subsection.2.13}{\376\377\000s\000e\000g\000m\000e\000n\000t\000\040\000t\000r\000e\000e\000\050\000l\000a\000z\000y\000\040\000p\000r\000o\000p\000a\000g\000a\000t\000i\000o\000n\000\051}{section.2}% 21
\BOOKMARK [2][-]{subsection.2.14}{\376\377\000t\000r\000e\000a\000p}{section.2}% 22
\BOOKMARK [1][-]{section.3}{\376\377\000G\000r\000a\000p\000h}{}% 23
\BOOKMARK [2][-]{subsection.3.1}{\376\377\000A\000r\000t\000i\000c\000u\000l\000a\000t\000i\000o\000n\000\040\000P\000o\000i\000n\000t\000\040\000D\000e\000t\000e\000c\000t\000i\000o\000n}{section.3}% 24
\BOOKMARK [2][-]{subsection.3.2}{\376\377\000B\000r\000i\000d\000g\000e\000\040\000D\000e\000t\000e\000c\000t\000i\000o\000n}{section.3}% 25
\BOOKMARK [2][-]{subsection.3.3}{\376\377\000C\000e\000n\000t\000r\000o\000i\000d\000\040\000D\000e\000c\000o\000m\000p\000o\000s\000i\000t\000i\000o\000n}{section.3}% 26
\BOOKMARK [2][-]{subsection.3.4}{\376\377\000D\000S\000U\000\040\000O\000n\000\040\000T\000r\000e\000e}{section.3}% 27
\BOOKMARK [2][-]{subsection.3.5}{\376\377\000D\000i\000n\000i\000c}{section.3}% 28
\BOOKMARK [2][-]{subsection.3.6}{\376\377\000H\000e\000a\000v\000y\000\040\000L\000i\000g\000h\000t\000\040\000D\000e\000c\000o\000m\000p\000o\000s\000i\000t\000i\000o\000n}{section.3}% 29
\BOOKMARK [2][-]{subsection.3.7}{\376\377\000H\000o\000p\000c\000r\000o\000f\000t\000\040\000K\000a\000r\000p}{section.3}% 30
\BOOKMARK [2][-]{subsection.3.8}{\376\377\000H\000u\000n\000g\000a\000r\000i\000a\000n}{section.3}% 31
\BOOKMARK [2][-]{subsection.3.9}{\376\377\000L\000C\000A\000\050\000s\000p\000a\000r\000s\000e\000\040\000t\000a\000b\000l\000e\000\051}{section.3}% 32
\BOOKMARK [2][-]{subsection.3.10}{\376\377\000M\000C\000M\000F\000\050\000S\000P\000F\000A\000\051}{section.3}% 33
\BOOKMARK [2][-]{subsection.3.11}{\376\377\000M\000C\000M\000F\000\050\000n\000o\000r\000m\000a\000l\000\051}{section.3}% 34
\BOOKMARK [2][-]{subsection.3.12}{\376\377\000M\000a\000x\000\137\000F\000l\000o\000w\000-\0001}{section.3}% 35
\BOOKMARK [2][-]{subsection.3.13}{\376\377\000M\000a\000x\000i\000m\000u\000m\000\040\000f\000l\000o\000w\000\040\000-\000\040\000E\000d\000m\000o\000n\000d\000s\000\040\000K\000a\000r\000p}{section.3}% 36
\BOOKMARK [2][-]{subsection.3.14}{\376\377\000O\000n\000l\000i\000n\000e\000\040\000B\000r\000i\000d\000g\000e}{section.3}% 37
\BOOKMARK [2][-]{subsection.3.15}{\376\377\000S\000C\000C}{section.3}% 38
\BOOKMARK [1][-]{section.4}{\376\377\000M\000a\000t\000h}{}% 39
\BOOKMARK [2][-]{subsection.4.1}{\376\377\000A\000l\000g\000e\000b\000r\000a}{section.4}% 40
\BOOKMARK [3][-]{subsubsection.4.1.1}{\376\377\000E\000x\000t\000e\000n\000d\000e\000d\000\137\000E\000u\000c\000l\000i\000d}{subsection.4.1}% 41
\BOOKMARK [3][-]{subsubsection.4.1.2}{\376\377\000F\000a\000c\000t\000o\000r\000i\000a\000l\000\040\000m\000o\000d\000\040\000P}{subsection.4.1}% 42
\BOOKMARK [3][-]{subsubsection.4.1.3}{\376\377\000S\000i\000e\000v\000e\000\040\000u\000p\000t\000o\000\040\0001\000e\0009}{subsection.4.1}% 43
\BOOKMARK [2][-]{subsection.4.2}{\376\377\000G\000e\000o\000m\000e\000t\000r\000y}{section.4}% 44
\BOOKMARK [3][-]{subsubsection.4.2.1}{\376\377\0002\000D\000\040\000P\000o\000i\000n\000t\000\040\000L\000i\000n\000e\000\040\000\137\000\040\000S\000e\000g\000m\000e\000n\000t}{subsection.4.2}% 45
\BOOKMARK [3][-]{subsubsection.4.2.2}{\376\377\000C\000i\000r\000c\000l\000e}{subsection.4.2}% 46
\BOOKMARK [3][-]{subsubsection.4.2.3}{\376\377\000C\000l\000o\000s\000e\000s\000t\000\040\000P\000o\000i\000n\000t\000\040\000P\000a\000i\000r}{subsection.4.2}% 47
\BOOKMARK [3][-]{subsubsection.4.2.4}{\376\377\000C\000o\000m\000m\000o\000n\000\040\000t\000e\000n\000g\000e\000n\000t\000s\000\040\000o\000f\000\040\000c\000i\000r\000c\000l\000e}{subsection.4.2}% 48
\BOOKMARK [3][-]{subsubsection.4.2.5}{\376\377\000C\000o\000n\000v\000e\000x\000\040\000h\000a\000l\000l}{subsection.4.2}% 49
\BOOKMARK [3][-]{subsubsection.4.2.6}{\376\377\000H\000a\000l\000f\000\040\000P\000l\000a\000i\000n\000\040\000I\000n\000t\000e\000r\000s\000e\000c\000t\000i\000o\000n}{subsection.4.2}% 50
\BOOKMARK [3][-]{subsubsection.4.2.7}{\376\377\000P\000o\000i\000n\000t\000\040\000I\000n\000s\000i\000d\000e\000\040\000P\000o\000l\000y\000\040\000\050\000R\000a\000y\000\040\000S\000h\000o\000o\000t\000i\000n\000g\000\051}{subsection.4.2}% 51
\BOOKMARK [3][-]{subsubsection.4.2.8}{\376\377\000c\000h\000e\000c\000k\000\040\000i\000f\000\040\000b\000e\000l\000o\000n\000g\000s\000\040\000t\000o\000\040\000c\000o\000n\000v\000e\000x\000\040\000p\000o\000l\000y}{subsection.4.2}% 52
\BOOKMARK [2][-]{subsection.4.3}{\376\377\000M\000a\000t\000r\000i\000c\000e\000s}{section.4}% 53
\BOOKMARK [3][-]{subsubsection.4.3.1}{\376\377\000G\000a\000u\000s\000s\000-\000J\000o\000r\000d\000a\000n\000\040\000E\000l\000i\000m\000i\000n\000a\000t\000i\000o\000n\000\040\000i\000n\000\040\000G\000F\000\050\0002\000\051}{subsection.4.3}% 54
\BOOKMARK [3][-]{subsubsection.4.3.2}{\376\377\000G\000a\000u\000s\000s\000-\000J\000o\000r\000d\000a\000n\000\040\000E\000l\000i\000m\000i\000n\000a\000t\000i\000o\000n\000\040\000i\000n\000\040\000G\000F\000\050\000P\000\051}{subsection.4.3}% 55
\BOOKMARK [3][-]{subsubsection.4.3.3}{\376\377\000G\000a\000u\000s\000s\000-\000J\000o\000r\000d\000a\000n\000\040\000E\000l\000i\000m\000i\000n\000a\000t\000i\000o\000n}{subsection.4.3}% 56
\BOOKMARK [3][-]{subsubsection.4.3.4}{\376\377\000S\000p\000a\000c\000e\000\040\000o\000f\000\040\000B\000i\000n\000a\000r\000y\000\040\000V\000e\000c\000t\000o\000r\000s}{subsection.4.3}% 57
\BOOKMARK [3][-]{subsubsection.4.3.5}{\376\377\000m\000a\000t\000r\000i\000x\000\137\000e\000x\000p\000o\000n\000e\000n\000t\000i\000a\000t\000i\000o\000n}{subsection.4.3}% 58
\BOOKMARK [2][-]{subsection.4.4}{\376\377\000M\000o\000d\000u\000l\000a\000r\000\040\000A\000r\000i\000t\000h\000m\000a\000t\000i\000c}{section.4}% 59
\BOOKMARK [3][-]{subsubsection.4.4.1}{\376\377\000C\000h\000i\000n\000e\000s\000e\000\040\000R\000e\000m\000a\000i\000n\000d\000e\000r\000\040\000T\000h\000e\000o\000r\000e\000m}{subsection.4.4}% 60
\BOOKMARK [3][-]{subsubsection.4.4.2}{\376\377\000D\000i\000s\000c\000r\000e\000t\000e\000\040\000l\000o\000g}{subsection.4.4}% 61
\BOOKMARK [3][-]{subsubsection.4.4.3}{\376\377\000M\000o\000d\000u\000l\000a\000r\000\137\000i\000n\000v\000e\000r\000s\000e\000\137\000E\000G\000C\000D}{subsection.4.4}% 62
\BOOKMARK [3][-]{subsubsection.4.4.4}{\376\377\000n\000C\000r\000\040\000L\000u\000c\000a\000s}{subsection.4.4}% 63
\BOOKMARK [2][-]{subsection.4.5}{\376\377\000N\000o\000t\000e\000s}{section.4}% 64
\BOOKMARK [3][-]{subsubsection.4.5.1}{\376\377\000C\000o\000u\000n\000t\000i\000n\000g}{subsection.4.5}% 65
\BOOKMARK [4][-]{paragraph.4.5.1.1}{\376\377\000F\000i\000b\000o\000n\000a\000c\000c\000i}{subsubsection.4.5.1}% 66
\BOOKMARK [3][-]{subsubsection.4.5.2}{\376\377\000G\000e\000o\000m\000e\000t\000r\000y}{subsection.4.5}% 67
\BOOKMARK [4][-]{paragraph.4.5.2.1}{\376\377\000T\000r\000i\000a\000n\000g\000l\000e}{subsubsection.4.5.2}% 68
\BOOKMARK [3][-]{subsubsection.4.5.3}{\376\377\000C\000h\000i\000n\000e\000s\000e\000\137\000r\000e\000m\000i\000n\000d\000e\000r\000\137\000t\000h\000e\000o\000r\000e\000m}{subsection.4.5}% 69
\BOOKMARK [3][-]{subsubsection.4.5.4}{\376\377\000D\000i\000o\000p\000h\000a\000n\000t\000i\000n\000e}{subsection.4.5}% 70
\BOOKMARK [3][-]{subsubsection.4.5.5}{\376\377\000S\000e\000r\000i\000e\000s}{subsection.4.5}% 71
\BOOKMARK [3][-]{subsubsection.4.5.6}{\376\377\000S\000u\000m}{subsection.4.5}% 72
\BOOKMARK [2][-]{subsection.4.6}{\376\377\000P\000o\000l\000y\000n\000o\000m\000i\000a\000l\000\040\000M\000u\000l\000t\000i\000p\000l\000i\000c\000a\000t\000i\000o\000n}{section.4}% 73
\BOOKMARK [3][-]{subsubsection.4.6.1}{\376\377\000F\000F\000T}{subsection.4.6}% 74
\BOOKMARK [3][-]{subsubsection.4.6.2}{\376\377\000N\000T\000T}{subsection.4.6}% 75
\BOOKMARK [2][-]{subsection.4.7}{\376\377\0002\000-\000S\000A\000T}{section.4}% 76
\BOOKMARK [2][-]{subsection.4.8}{\376\377\000C\000a\000t\000a\000l\000a\000n\000\137\000n\000u\000m\000b\000e\000r}{section.4}% 77
\BOOKMARK [2][-]{subsection.4.9}{\376\377\000D\000i\000o\000p\000h\000a\000n\000t\000i\000n\000e\000\137\000E\000q\000u\000a\000t\000i\000o\000n}{section.4}% 78
\BOOKMARK [2][-]{subsection.4.10}{\376\377\000E\000u\000l\000e\000r\000\137\000T\000o\000t\000i\000e\000n\000t}{section.4}% 79
\BOOKMARK [2][-]{subsection.4.11}{\376\377\000E\000x\000t\000e\000n\000d\000e\000d\000\040\000E\000u\000c\000l\000i\000d}{section.4}% 80
\BOOKMARK [2][-]{subsection.4.12}{\376\377\000M\000o\000b\000i\000u\000s\000\040\000F\000u\000n\000c\000t\000i\000o\000n}{section.4}% 81
\BOOKMARK [2][-]{subsection.4.13}{\376\377\000P\000r\000i\000m\000e\000s\000\137\000s\000t\000u\000f\000f}{section.4}% 82
\BOOKMARK [2][-]{subsection.4.14}{\376\377\000X\000o\000r\000\040\000b\000a\000s\000i\000s}{section.4}% 83
\BOOKMARK [2][-]{subsection.4.15}{\376\377\000s\000t\000i\000r\000l\000i\000n\000g\000\137\000n\000u\000m\000b\000e\000r\000\137\000o\000f\000\137\0002\000n\000d\000\137\000k\000i\000n\000d}{section.4}% 84
\BOOKMARK [1][-]{section.5}{\376\377\000M\000i\000s\000c}{}% 85
\BOOKMARK [2][-]{subsection.5.1}{\376\377\000C\000o\000m\000p\000i\000l\000a\000t\000i\000o\000n}{section.5}% 86
\BOOKMARK [2][-]{subsection.5.2}{\376\377\000O\000r\000d\000e\000r\000e\000d\000\137\000s\000e\000t}{section.5}% 87
\BOOKMARK [2][-]{subsection.5.3}{\376\377\000T\000e\000r\000n\000a\000r\000y\000\040\000S\000e\000a\000r\000c\000h}{section.5}% 88
\BOOKMARK [2][-]{subsection.5.4}{\376\377\000b\000r\000u\000t\000e}{section.5}% 89
\BOOKMARK [1][-]{section.6}{\376\377\000S\000t\000r\000i\000n\000g}{}% 90
\BOOKMARK [2][-]{subsection.6.1}{\376\377\000A\000h\000o\000-\000C\000o\000r\000a\000s\000i\000c\000k}{section.6}% 91
\BOOKMARK [2][-]{subsection.6.2}{\376\377\000H\000a\000s\000h\000i\000n\000g\000\137\000w\000i\000t\000h\000o\000u\000t\000\137\000i\000n\000v}{section.6}% 92
\BOOKMARK [2][-]{subsection.6.3}{\376\377\000K\000M\000P}{section.6}% 93
\BOOKMARK [2][-]{subsection.6.4}{\376\377\000K\000M\000P\000\137\000f\000u\000l\000l}{section.6}% 94
\BOOKMARK [2][-]{subsection.6.5}{\376\377\000M\000a\000n\000a\000c\000h\000e\000r}{section.6}% 95
\BOOKMARK [2][-]{subsection.6.6}{\376\377\000P\000a\000l\000i\000n\000d\000r\000o\000m\000i\000c\000\040\000T\000r\000e\000e}{section.6}% 96
\BOOKMARK [2][-]{subsection.6.7}{\376\377\000S\000t\000r\000i\000n\000g\000\040\000H\000a\000s\000h\000i\000n\000g}{section.6}% 97
\BOOKMARK [2][-]{subsection.6.8}{\376\377\000S\000u\000f\000f\000i\000x\000\040\000A\000r\000r\000a\000y\000\040\000\050\000n\000l\000o\000g\000n\000\051}{section.6}% 98
\BOOKMARK [2][-]{subsection.6.9}{\376\377\000S\000u\000f\000f\000i\000x\000\040\000A\000u\000t\000o\000m\000a\000t\000o\000n}{section.6}% 99
\BOOKMARK [2][-]{subsection.6.10}{\376\377\000T\000r\000i\000e}{section.6}% 100
\BOOKMARK [2][-]{subsection.6.11}{\376\377\000Z\000\040\000a\000l\000g\000o}{section.6}% 101
